Limited to 100 frames.
Client: Connecting to server segment...
Client: Connected to server segment
Client: Starting video encoding
Client: Waiting for server to acknowledge dimensions
Client: Dimensions acknowledged by server
Processing frame 0, Client: YUV plane sizes - Y: 2073600 bytes, U: 518400 bytes, V: 518400 bytes, Total: 3110400 bytes
Client: Packing YUV planes into single buffer
Client: All YUV planes packed. Starting single DMA transfer (3110400 bytes)
Client: YUV frame DMA transfer complete
Client: YUV frame ready signal sent
Client: Waiting for YUV frame acknowledgment
Client: YUV frame acknowledgment received from server
Client: YUV frame transferred successfully, freeing original image buffers
Client: Waiting for server to process and return encoded data
Client: Received encoded data from server
Client: Encoded data size: 6658564 bytes
Client: Frame is a keyframe
Client: Sending acknowledgment of encoded data receipt
Client: Writing encoded frame to output file
Done!
Processing frame 1, Client: YUV plane sizes - Y: 2073600 bytes, U: 518400 bytes, V: 518400 bytes, Total: 3110400 bytes
Client: Packing YUV planes into single buffer
Client: All YUV planes packed. Starting single DMA transfer (3110400 bytes)
Client: YUV frame DMA transfer complete
Client: YUV frame ready signal sent
Client: Waiting for YUV frame acknowledgment
Client: YUV frame acknowledgment received from server
Client: YUV frame transferred successfully, freeing original image buffers
Client: Waiting for server to process and return encoded data
Terminated

real	0m0,570s
user	0m0,389s
sys	0m0,057s
PC exit code: 143
