Server: Waiting for client connection...
Server: Connected to client segment
Server: Waiting for commands...
Server: Received dimensions (width=1920, height=1080)
Thread pool initialized with 8 threads
Task pool is initialized with 136 tasks
Server: Dimensions acknowledged
Server: Waiting for frames...
Server: Received YUV frame with size 3110400 bytes
Server: Sending YUV frame acknowledgment to client
Server: YUV frame acknowledgment sent
Server: Encoding frame 0
Server: Frame 0 is a keyframe
Server: Starting DCT/quantization for Y plane
Server: Y plane DCT/quantization complete
Server: Starting DCT/quantization for U plane
Server: U plane DCT/quantization complete
Server: Starting DCT/quantization for V plane
Server: V plane DCT/quantization complete
Server: Starting dequantization/IDCT for reference frame
Server: Dequantization/IDCT complete
Server: Preparing encoded data for transfer
Server: Encoded data size: 6658564 bytes
Server: Starting DMA transfer of encoded data
Server: Waiting for encoded data DMA transfer to complete
Server: Encoded data DMA transfer complete
Server: Signaling client that encoded data is ready
Server: Encoded data ready signal sent
Server: Waiting for client to acknowledge encoded data
Server: Client acknowledged receipt of encoded data
Server: Frame 0 processing complete
Server: Received YUV frame with size 3110400 bytes
Server: Sending YUV frame acknowledgment to client
Server: YUV frame acknowledgment sent
Server: Encoding frame 1
Server: Frame 1 is not a keyframe
Server: Starting motion estimation
Server: Motion estimation complete
Server: Starting motion compensation
Server: Motion compensation complete
Server: Starting DCT/quantization for Y plane
Server: Y plane DCT/quantization complete
Server: Starting DCT/quantization for U plane
Server: U plane DCT/quantization complete
Server: Starting DCT/quantization for V plane
Server: V plane DCT/quantization complete
Server: Starting dequantization/IDCT for reference frame
Server: Dequantization/IDCT complete
Server: Preparing encoded data for transfer
Server: Encoded data size: 6658564 bytes
Server: Starting DMA transfer of encoded data
Server: Waiting for encoded data DMA transfer to complete
Server: Encoded data DMA transfer complete
Server: Signaling client that encoded data is ready
Server: Encoded data ready signal sent
Server: Waiting for client to acknowledge encoded data
Server: Client acknowledged receipt of encoded data
Server: Frame 1 processing complete
Server: Received YUV frame with size 3110400 bytes
Server: Sending YUV frame acknowledgment to client
Server: YUV frame acknowledgment sent
Server: Encoding frame 2
Server: Frame 2 is not a keyframe
Server: Starting motion estimation
Server: Motion estimation complete
Server: Starting motion compensation
Server: Motion compensation complete
Server: Starting DCT/quantization for Y plane
Server: Y plane DCT/quantization complete
Server: Starting DCT/quantization for U plane
Server: U plane DCT/quantization complete
Server: Starting DCT/quantization for V plane
Server: V plane DCT/quantization complete
Server: Starting dequantization/IDCT for reference frame
Server: Dequantization/IDCT complete
Server: Preparing encoded data for transfer
Server: Encoded data size: 6658564 bytes
Server: Starting DMA transfer of encoded data
Server: Waiting for encoded data DMA transfer to complete
Server: Encoded data DMA transfer complete
Server: Signaling client that encoded data is ready
Server: Encoded data ready signal sent
Server: Waiting for client to acknowledge encoded data
Server: Client acknowledged receipt of encoded data
Server: Frame 2 processing complete
Server: Received YUV frame with size 3110400 bytes
Server: Sending YUV frame acknowledgment to client
Server: YUV frame acknowledgment sent
Server: Encoding frame 3
Server: Frame 3 is not a keyframe
Server: Starting motion estimation
Server: Motion estimation complete
Server: Starting motion compensation
Server: Motion compensation complete
Server: Starting DCT/quantization for Y plane
Server: Y plane DCT/quantization complete
Server: Starting DCT/quantization for U plane
Server: U plane DCT/quantization complete
Server: Starting DCT/quantization for V plane
Server: V plane DCT/quantization complete
Server: Starting dequantization/IDCT for reference frame
Server: Dequantization/IDCT complete
Server: Preparing encoded data for transfer
Server: Encoded data size: 6658564 bytes
Server: Starting DMA transfer of encoded data
Server: Waiting for encoded data DMA transfer to complete
Server: Encoded data DMA transfer complete
Server: Signaling client that encoded data is ready
Server: Encoded data ready signal sent
Server: Waiting for client to acknowledge encoded data
Server: Client acknowledged receipt of encoded data
Server: Frame 3 processing complete
Server: Received YUV frame with size 3110400 bytes
Server: Sending YUV frame acknowledgment to client
Server: YUV frame acknowledgment sent
Server: Encoding frame 4
Server: Frame 4 is not a keyframe
Server: Starting motion estimation
Server: Motion estimation complete
Server: Starting motion compensation
Server: Motion compensation complete
Server: Starting DCT/quantization for Y plane
Server: Y plane DCT/quantization complete
Server: Starting DCT/quantization for U plane
Server: U plane DCT/quantization complete
Server: Starting DCT/quantization for V plane
Server: V plane DCT/quantization complete
Server: Starting dequantization/IDCT for reference frame
Server: Dequantization/IDCT complete
Server: Preparing encoded data for transfer
Server: Encoded data size: 6658564 bytes
Server: Starting DMA transfer of encoded data
Server: Waiting for encoded data DMA transfer to complete
Server: Encoded data DMA transfer complete
Server: Signaling client that encoded data is ready
Server: Encoded data ready signal sent
Server: Waiting for client to acknowledge encoded data
Server: Client acknowledged receipt of encoded data
Server: Frame 4 processing complete
Server: Received YUV frame with size 3110400 bytes
Server: Sending YUV frame acknowledgment to client
Server: YUV frame acknowledgment sent
Server: Encoding frame 5
Server: Frame 5 is not a keyframe
Server: Starting motion estimation
Server: Motion estimation complete
Server: Starting motion compensation
Server: Motion compensation complete
Server: Starting DCT/quantization for Y plane
Server: Y plane DCT/quantization complete
Server: Starting DCT/quantization for U plane
Server: U plane DCT/quantization complete
Server: Starting DCT/quantization for V plane
Server: V plane DCT/quantization complete
Server: Starting dequantization/IDCT for reference frame
Server: Dequantization/IDCT complete
Server: Preparing encoded data for transfer
Server: Encoded data size: 6658564 bytes
Server: Starting DMA transfer of encoded data
Server: Waiting for encoded data DMA transfer to complete
Server: Encoded data DMA transfer complete
Server: Signaling client that encoded data is ready
Server: Encoded data ready signal sent
Server: Waiting for client to acknowledge encoded data
Server: Client acknowledged receipt of encoded data
Server: Frame 5 processing complete
Server: Received YUV frame with size 3110400 bytes
Server: Sending YUV frame acknowledgment to client
Server: YUV frame acknowledgment sent
Server: Encoding frame 6
Server: Frame 6 is not a keyframe
Server: Starting motion estimation
Server: Motion estimation complete
Server: Starting motion compensation
Server: Motion compensation complete
Server: Starting DCT/quantization for Y plane
Server: Y plane DCT/quantization complete
Server: Starting DCT/quantization for U plane
Server: U plane DCT/quantization complete
Server: Starting DCT/quantization for V plane
Server: V plane DCT/quantization complete
Server: Starting dequantization/IDCT for reference frame
Server: Dequantization/IDCT complete
Server: Preparing encoded data for transfer
Server: Encoded data size: 6658564 bytes
Server: Starting DMA transfer of encoded data
Server: Waiting for encoded data DMA transfer to complete
Server: Encoded data DMA transfer complete
Server: Signaling client that encoded data is ready
Server: Encoded data ready signal sent
Server: Waiting for client to acknowledge encoded data
Server: Client acknowledged receipt of encoded data
Server: Frame 6 processing complete
Server: Received YUV frame with size 3110400 bytes
Server: Sending YUV frame acknowledgment to client
Server: YUV frame acknowledgment sent
Server: Encoding frame 7
Server: Frame 7 is not a keyframe
Server: Starting motion estimation
Server: Motion estimation complete
Server: Starting motion compensation
Server: Motion compensation complete
Server: Starting DCT/quantization for Y plane
Server: Y plane DCT/quantization complete
Server: Starting DCT/quantization for U plane
Server: U plane DCT/quantization complete
Server: Starting DCT/quantization for V plane
Server: V plane DCT/quantization complete
Server: Starting dequantization/IDCT for reference frame
Server: Dequantization/IDCT complete
Server: Preparing encoded data for transfer
Server: Encoded data size: 6658564 bytes
Server: Starting DMA transfer of encoded data
Server: Waiting for encoded data DMA transfer to complete
Server: Encoded data DMA transfer complete
Server: Signaling client that encoded data is ready
Server: Encoded data ready signal sent
Server: Waiting for client to acknowledge encoded data
Server: Client acknowledged receipt of encoded data
Server: Frame 7 processing complete
Server: Received YUV frame with size 3110400 bytes
Server: Sending YUV frame acknowledgment to client
Server: YUV frame acknowledgment sent
Server: Encoding frame 8
Server: Frame 8 is not a keyframe
Server: Starting motion estimation
Server: Motion estimation complete
Server: Starting motion compensation
Server: Motion compensation complete
Server: Starting DCT/quantization for Y plane
Server: Y plane DCT/quantization complete
Server: Starting DCT/quantization for U plane
Server: U plane DCT/quantization complete
Server: Starting DCT/quantization for V plane
Server: V plane DCT/quantization complete
Server: Starting dequantization/IDCT for reference frame
Server: Dequantization/IDCT complete
Server: Preparing encoded data for transfer
Server: Encoded data size: 6658564 bytes
Server: Starting DMA transfer of encoded data
Server: Waiting for encoded data DMA transfer to complete
Server: Encoded data DMA transfer complete
Server: Signaling client that encoded data is ready
Server: Encoded data ready signal sent
Server: Waiting for client to acknowledge encoded data
Server: Client acknowledged receipt of encoded data
Server: Frame 8 processing complete
Server: Received YUV frame with size 3110400 bytes
Server: Sending YUV frame acknowledgment to client
Server: YUV frame acknowledgment sent
Server: Encoding frame 9
Server: Frame 9 is not a keyframe
Server: Starting motion estimation
Server: Motion estimation complete
Server: Starting motion compensation
Server: Motion compensation complete
Server: Starting DCT/quantization for Y plane
Server: Y plane DCT/quantization complete
Server: Starting DCT/quantization for U plane
Server: U plane DCT/quantization complete
Server: Starting DCT/quantization for V plane
Server: V plane DCT/quantization complete
Server: Starting dequantization/IDCT for reference frame
Server: Dequantization/IDCT complete
Server: Preparing encoded data for transfer
Server: Encoded data size: 6658564 bytes
Server: Starting DMA transfer of encoded data
Server: Waiting for encoded data DMA transfer to complete
Server: Encoded data DMA transfer complete
Server: Signaling client that encoded data is ready
Server: Encoded data ready signal sent
Server: Waiting for client to acknowledge encoded data
Server: Client acknowledged receipt of encoded data
Server: Frame 9 processing complete
Server: Received YUV frame with size 3110400 bytes
Server: Sending YUV frame acknowledgment to client
Server: YUV frame acknowledgment sent
Server: Encoding frame 10
Server: Frame 10 is not a keyframe
Server: Starting motion estimation
Server: Motion estimation complete
Server: Starting motion compensation
Server: Motion compensation complete
Server: Starting DCT/quantization for Y plane
Server: Y plane DCT/quantization complete
Server: Starting DCT/quantization for U plane
Server: U plane DCT/quantization complete
Server: Starting DCT/quantization for V plane
Server: V plane DCT/quantization complete
Server: Starting dequantization/IDCT for reference frame
Server: Dequantization/IDCT complete
Server: Preparing encoded data for transfer
Server: Encoded data size: 6658564 bytes
Server: Starting DMA transfer of encoded data
Server: Waiting for encoded data DMA transfer to complete
Server: Encoded data DMA transfer complete
Server: Signaling client that encoded data is ready
Server: Encoded data ready signal sent
Server: Waiting for client to acknowledge encoded data
Server: Client acknowledged receipt of encoded data
Server: Frame 10 processing complete
Server: Received YUV frame with size 3110400 bytes
Server: Sending YUV frame acknowledgment to client
Server: YUV frame acknowledgment sent
Server: Encoding frame 11
Server: Frame 11 is not a keyframe
Server: Starting motion estimation
Server: Motion estimation complete
Server: Starting motion compensation
Server: Motion compensation complete
Server: Starting DCT/quantization for Y plane
Server: Y plane DCT/quantization complete
Server: Starting DCT/quantization for U plane
Server: U plane DCT/quantization complete
Server: Starting DCT/quantization for V plane
Server: V plane DCT/quantization complete
Server: Starting dequantization/IDCT for reference frame
Server: Dequantization/IDCT complete
Server: Preparing encoded data for transfer
Server: Encoded data size: 6658564 bytes
Server: Starting DMA transfer of encoded data
Server: Waiting for encoded data DMA transfer to complete
Server: Encoded data DMA transfer complete
Server: Signaling client that encoded data is ready
Server: Encoded data ready signal sent
Server: Waiting for client to acknowledge encoded data
Server: Client acknowledged receipt of encoded data
Server: Frame 11 processing complete
Server: Received YUV frame with size 3110400 bytes
Server: Sending YUV frame acknowledgment to client
Server: YUV frame acknowledgment sent
Server: Encoding frame 12
Server: Frame 12 is not a keyframe
Server: Starting motion estimation
Server: Motion estimation complete
Server: Starting motion compensation
Server: Motion compensation complete
Server: Starting DCT/quantization for Y plane
Server: Y plane DCT/quantization complete
Server: Starting DCT/quantization for U plane
Server: U plane DCT/quantization complete
Server: Starting DCT/quantization for V plane
Server: V plane DCT/quantization complete
Server: Starting dequantization/IDCT for reference frame
Server: Dequantization/IDCT complete
Server: Preparing encoded data for transfer
Server: Encoded data size: 6658564 bytes
Server: Starting DMA transfer of encoded data
Server: Waiting for encoded data DMA transfer to complete
Server: Encoded data DMA transfer complete
Server: Signaling client that encoded data is ready
Server: Encoded data ready signal sent
Server: Waiting for client to acknowledge encoded data
Server: Client acknowledged receipt of encoded data
Server: Frame 12 processing complete
Server: Received YUV frame with size 3110400 bytes
Server: Sending YUV frame acknowledgment to client
Server: YUV frame acknowledgment sent
Server: Encoding frame 13
Server: Frame 13 is not a keyframe
Server: Starting motion estimation
Server: Motion estimation complete
Server: Starting motion compensation
Server: Motion compensation complete
Server: Starting DCT/quantization for Y plane
Server: Y plane DCT/quantization complete
Server: Starting DCT/quantization for U plane
Server: U plane DCT/quantization complete
Server: Starting DCT/quantization for V plane
Server: V plane DCT/quantization complete
Server: Starting dequantization/IDCT for reference frame
Server: Dequantization/IDCT complete
Server: Preparing encoded data for transfer
Server: Encoded data size: 6658564 bytes
Server: Starting DMA transfer of encoded data
Server: Waiting for encoded data DMA transfer to complete
Server: Encoded data DMA transfer complete
Server: Signaling client that encoded data is ready
Server: Encoded data ready signal sent
Server: Waiting for client to acknowledge encoded data
Server: Client acknowledged receipt of encoded data
Server: Frame 13 processing complete
Server: Received YUV frame with size 3110400 bytes
Server: Sending YUV frame acknowledgment to client
Server: YUV frame acknowledgment sent
Server: Encoding frame 14
Server: Frame 14 is not a keyframe
Server: Starting motion estimation
Server: Motion estimation complete
Server: Starting motion compensation
Server: Motion compensation complete
Server: Starting DCT/quantization for Y plane
Server: Y plane DCT/quantization complete
Server: Starting DCT/quantization for U plane
Server: U plane DCT/quantization complete
Server: Starting DCT/quantization for V plane
Server: V plane DCT/quantization complete
Server: Starting dequantization/IDCT for reference frame
Server: Dequantization/IDCT complete
Server: Preparing encoded data for transfer
Server: Encoded data size: 6658564 bytes
Server: Starting DMA transfer of encoded data
Server: Waiting for encoded data DMA transfer to complete
Server: Encoded data DMA transfer complete
Server: Signaling client that encoded data is ready
Server: Encoded data ready signal sent
Server: Waiting for client to acknowledge encoded data
Server: Client acknowledged receipt of encoded data
Server: Frame 14 processing complete
Server: Received YUV frame with size 3110400 bytes
Server: Sending YUV frame acknowledgment to client
Server: YUV frame acknowledgment sent
Server: Encoding frame 15
Server: Frame 15 is not a keyframe
Server: Starting motion estimation
Server: Motion estimation complete
Server: Starting motion compensation
Server: Motion compensation complete
Server: Starting DCT/quantization for Y plane
Server: Y plane DCT/quantization complete
Server: Starting DCT/quantization for U plane
Server: U plane DCT/quantization complete
Server: Starting DCT/quantization for V plane
Server: V plane DCT/quantization complete
Server: Starting dequantization/IDCT for reference frame
Server: Dequantization/IDCT complete
Server: Preparing encoded data for transfer
Server: Encoded data size: 6658564 bytes
Server: Starting DMA transfer of encoded data
Server: Waiting for encoded data DMA transfer to complete
Server: Encoded data DMA transfer complete
Server: Signaling client that encoded data is ready
Server: Encoded data ready signal sent
Server: Waiting for client to acknowledge encoded data
Server: Client acknowledged receipt of encoded data
Server: Frame 15 processing complete
Server: Received YUV frame with size 3110400 bytes
Server: Sending YUV frame acknowledgment to client
Server: YUV frame acknowledgment sent
Server: Encoding frame 16
Server: Frame 16 is not a keyframe
Server: Starting motion estimation
Server: Motion estimation complete
Server: Starting motion compensation
Server: Motion compensation complete
Server: Starting DCT/quantization for Y plane
Server: Y plane DCT/quantization complete
Server: Starting DCT/quantization for U plane
Server: U plane DCT/quantization complete
Server: Starting DCT/quantization for V plane
Server: V plane DCT/quantization complete
Server: Starting dequantization/IDCT for reference frame
Server: Dequantization/IDCT complete
Server: Preparing encoded data for transfer
Server: Encoded data size: 6658564 bytes
Server: Starting DMA transfer of encoded data
Server: Waiting for encoded data DMA transfer to complete
Server: Encoded data DMA transfer complete
Server: Signaling client that encoded data is ready
Server: Encoded data ready signal sent
Server: Waiting for client to acknowledge encoded data
Server: Client acknowledged receipt of encoded data
Server: Frame 16 processing complete
Server: Received YUV frame with size 3110400 bytes
Server: Sending YUV frame acknowledgment to client
Server: YUV frame acknowledgment sent
Server: Encoding frame 17
Server: Frame 17 is not a keyframe
Server: Starting motion estimation
Server: Motion estimation complete
Server: Starting motion compensation
Server: Motion compensation complete
Server: Starting DCT/quantization for Y plane
Server: Y plane DCT/quantization complete
Server: Starting DCT/quantization for U plane
Server: U plane DCT/quantization complete
Server: Starting DCT/quantization for V plane
Server: V plane DCT/quantization complete
Server: Starting dequantization/IDCT for reference frame
Server: Dequantization/IDCT complete
Server: Preparing encoded data for transfer
Server: Encoded data size: 6658564 bytes
Server: Starting DMA transfer of encoded data
Server: Waiting for encoded data DMA transfer to complete
Server: Encoded data DMA transfer complete
Server: Signaling client that encoded data is ready
Server: Encoded data ready signal sent
Server: Waiting for client to acknowledge encoded data
Server: Client acknowledged receipt of encoded data
Server: Frame 17 processing complete
Server: Received YUV frame with size 3110400 bytes
Server: Sending YUV frame acknowledgment to client
Server: YUV frame acknowledgment sent
Server: Encoding frame 18
Server: Frame 18 is not a keyframe
Server: Starting motion estimation
Server: Motion estimation complete
Server: Starting motion compensation
Server: Motion compensation complete
Server: Starting DCT/quantization for Y plane
Server: Y plane DCT/quantization complete
Server: Starting DCT/quantization for U plane
Server: U plane DCT/quantization complete
Server: Starting DCT/quantization for V plane
Server: V plane DCT/quantization complete
Server: Starting dequantization/IDCT for reference frame
Server: Dequantization/IDCT complete
Server: Preparing encoded data for transfer
Server: Encoded data size: 6658564 bytes
Server: Starting DMA transfer of encoded data
Server: Waiting for encoded data DMA transfer to complete
Server: Encoded data DMA transfer complete
Server: Signaling client that encoded data is ready
Server: Encoded data ready signal sent
Server: Waiting for client to acknowledge encoded data
Server: Client acknowledged receipt of encoded data
Server: Frame 18 processing complete
Server: Received YUV frame with size 3110400 bytes
Server: Sending YUV frame acknowledgment to client
Server: YUV frame acknowledgment sent
Server: Encoding frame 19
Server: Frame 19 is not a keyframe
Server: Starting motion estimation
Server: Motion estimation complete
Server: Starting motion compensation
Server: Motion compensation complete
Server: Starting DCT/quantization for Y plane
Server: Y plane DCT/quantization complete
Server: Starting DCT/quantization for U plane
Server: U plane DCT/quantization complete
Server: Starting DCT/quantization for V plane
Server: V plane DCT/quantization complete
Server: Starting dequantization/IDCT for reference frame
Server: Dequantization/IDCT complete
Server: Preparing encoded data for transfer
Server: Encoded data size: 6658564 bytes
Server: Starting DMA transfer of encoded data
Server: Waiting for encoded data DMA transfer to complete
Server: Encoded data DMA transfer complete
Server: Signaling client that encoded data is ready
Server: Encoded data ready signal sent
Server: Waiting for client to acknowledge encoded data
Server: Client acknowledged receipt of encoded data
Server: Frame 19 processing complete
Server: Received YUV frame with size 3110400 bytes
Server: Sending YUV frame acknowledgment to client
Server: YUV frame acknowledgment sent
Server: Encoding frame 20
Server: Frame 20 is not a keyframe
Server: Starting motion estimation
Server: Motion estimation complete
Server: Starting motion compensation
Server: Motion compensation complete
Server: Starting DCT/quantization for Y plane
Server: Y plane DCT/quantization complete
Server: Starting DCT/quantization for U plane
Server: U plane DCT/quantization complete
Server: Starting DCT/quantization for V plane
Server: V plane DCT/quantization complete
Server: Starting dequantization/IDCT for reference frame
Server: Dequantization/IDCT complete
Server: Preparing encoded data for transfer
Server: Encoded data size: 6658564 bytes
Server: Starting DMA transfer of encoded data
Server: Waiting for encoded data DMA transfer to complete
Server: Encoded data DMA transfer complete
Server: Signaling client that encoded data is ready
Server: Encoded data ready signal sent
Server: Waiting for client to acknowledge encoded data
Server: Client acknowledged receipt of encoded data
Server: Frame 20 processing complete
Server: Received YUV frame with size 3110400 bytes
Server: Sending YUV frame acknowledgment to client
Server: YUV frame acknowledgment sent
Server: Encoding frame 21
Server: Frame 21 is not a keyframe
Server: Starting motion estimation
Server: Motion estimation complete
Server: Starting motion compensation
Server: Motion compensation complete
Server: Starting DCT/quantization for Y plane
Server: Y plane DCT/quantization complete
Server: Starting DCT/quantization for U plane
Server: U plane DCT/quantization complete
Server: Starting DCT/quantization for V plane
Server: V plane DCT/quantization complete
Server: Starting dequantization/IDCT for reference frame
Server: Dequantization/IDCT complete
Server: Preparing encoded data for transfer
Server: Encoded data size: 6658564 bytes
Server: Starting DMA transfer of encoded data
Server: Waiting for encoded data DMA transfer to complete
Server: Encoded data DMA transfer complete
Server: Signaling client that encoded data is ready
Server: Encoded data ready signal sent
Server: Waiting for client to acknowledge encoded data
Server: Client acknowledged receipt of encoded data
Server: Frame 21 processing complete
Server: Received YUV frame with size 3110400 bytes
Server: Sending YUV frame acknowledgment to client
Server: YUV frame acknowledgment sent
Server: Encoding frame 22
Server: Frame 22 is not a keyframe
Server: Starting motion estimation
Server: Motion estimation complete
Server: Starting motion compensation
Server: Motion compensation complete
Server: Starting DCT/quantization for Y plane
Server: Y plane DCT/quantization complete
Server: Starting DCT/quantization for U plane
Server: U plane DCT/quantization complete
Server: Starting DCT/quantization for V plane
Server: V plane DCT/quantization complete
Server: Starting dequantization/IDCT for reference frame
Server: Dequantization/IDCT complete
Server: Preparing encoded data for transfer
Server: Encoded data size: 6658564 bytes
Server: Starting DMA transfer of encoded data
Server: Waiting for encoded data DMA transfer to complete
Server: Encoded data DMA transfer complete
Server: Signaling client that encoded data is ready
Server: Encoded data ready signal sent
Server: Waiting for client to acknowledge encoded data
Server: Client acknowledged receipt of encoded data
Server: Frame 22 processing complete
Server: Received YUV frame with size 3110400 bytes
Server: Sending YUV frame acknowledgment to client
Server: YUV frame acknowledgment sent
Server: Encoding frame 23
Server: Frame 23 is not a keyframe
Server: Starting motion estimation
Server: Motion estimation complete
Server: Starting motion compensation
Server: Motion compensation complete
Server: Starting DCT/quantization for Y plane
Server: Y plane DCT/quantization complete
Server: Starting DCT/quantization for U plane
Server: U plane DCT/quantization complete
Server: Starting DCT/quantization for V plane
Server: V plane DCT/quantization complete
Server: Starting dequantization/IDCT for reference frame
Server: Dequantization/IDCT complete
Server: Preparing encoded data for transfer
Server: Encoded data size: 6658564 bytes
Server: Starting DMA transfer of encoded data
Server: Waiting for encoded data DMA transfer to complete
Server: Encoded data DMA transfer complete
Server: Signaling client that encoded data is ready
Server: Encoded data ready signal sent
Server: Waiting for client to acknowledge encoded data
Server: Client acknowledged receipt of encoded data
Server: Frame 23 processing complete
Server: Received YUV frame with size 3110400 bytes
Server: Sending YUV frame acknowledgment to client
Server: YUV frame acknowledgment sent
Server: Encoding frame 24
Server: Frame 24 is not a keyframe
Server: Starting motion estimation
Server: Motion estimation complete
Server: Starting motion compensation
Server: Motion compensation complete
Server: Starting DCT/quantization for Y plane
Server: Y plane DCT/quantization complete
Server: Starting DCT/quantization for U plane
Server: U plane DCT/quantization complete
Server: Starting DCT/quantization for V plane
Server: V plane DCT/quantization complete
Server: Starting dequantization/IDCT for reference frame
Server: Dequantization/IDCT complete
Server: Preparing encoded data for transfer
Server: Encoded data size: 6658564 bytes
Server: Starting DMA transfer of encoded data
Server: Waiting for encoded data DMA transfer to complete
Server: Encoded data DMA transfer complete
Server: Signaling client that encoded data is ready
Server: Encoded data ready signal sent
Server: Waiting for client to acknowledge encoded data
Server: Client acknowledged receipt of encoded data
Server: Frame 24 processing complete
Server: Received YUV frame with size 3110400 bytes
Server: Sending YUV frame acknowledgment to client
Server: YUV frame acknowledgment sent
Server: Encoding frame 25
Server: Frame 25 is not a keyframe
Server: Starting motion estimation
Server: Motion estimation complete
Server: Starting motion compensation
Server: Motion compensation complete
Server: Starting DCT/quantization for Y plane
Server: Y plane DCT/quantization complete
Server: Starting DCT/quantization for U plane
Server: U plane DCT/quantization complete
Server: Starting DCT/quantization for V plane
Server: V plane DCT/quantization complete
Server: Starting dequantization/IDCT for reference frame
Server: Dequantization/IDCT complete
Server: Preparing encoded data for transfer
Server: Encoded data size: 6658564 bytes
Server: Starting DMA transfer of encoded data
Server: Waiting for encoded data DMA transfer to complete
Server: Encoded data DMA transfer complete
Server: Signaling client that encoded data is ready
Server: Encoded data ready signal sent
Server: Waiting for client to acknowledge encoded data
Server: Client acknowledged receipt of encoded data
Server: Frame 25 processing complete
Server: Received YUV frame with size 3110400 bytes
Server: Sending YUV frame acknowledgment to client
Server: YUV frame acknowledgment sent
Server: Encoding frame 26
Server: Frame 26 is not a keyframe
Server: Starting motion estimation
Server: Motion estimation complete
Server: Starting motion compensation
Server: Motion compensation complete
Server: Starting DCT/quantization for Y plane
Server: Y plane DCT/quantization complete
Server: Starting DCT/quantization for U plane
Server: U plane DCT/quantization complete
Server: Starting DCT/quantization for V plane
Server: V plane DCT/quantization complete
Server: Starting dequantization/IDCT for reference frame
Server: Dequantization/IDCT complete
Server: Preparing encoded data for transfer
Server: Encoded data size: 6658564 bytes
Server: Starting DMA transfer of encoded data
Server: Waiting for encoded data DMA transfer to complete
Server: Encoded data DMA transfer complete
Server: Signaling client that encoded data is ready
Server: Encoded data ready signal sent
Server: Waiting for client to acknowledge encoded data
Server: Client acknowledged receipt of encoded data
Server: Frame 26 processing complete
Server: Received YUV frame with size 3110400 bytes
Server: Sending YUV frame acknowledgment to client
Server: YUV frame acknowledgment sent
Server: Encoding frame 27
Server: Frame 27 is not a keyframe
Server: Starting motion estimation
Server: Motion estimation complete
Server: Starting motion compensation
Server: Motion compensation complete
Server: Starting DCT/quantization for Y plane
Server: Y plane DCT/quantization complete
Server: Starting DCT/quantization for U plane
Server: U plane DCT/quantization complete
Server: Starting DCT/quantization for V plane
Server: V plane DCT/quantization complete
Server: Starting dequantization/IDCT for reference frame
Server: Dequantization/IDCT complete
Server: Preparing encoded data for transfer
Server: Encoded data size: 6658564 bytes
Server: Starting DMA transfer of encoded data
Server: Waiting for encoded data DMA transfer to complete
Server: Encoded data DMA transfer complete
Server: Signaling client that encoded data is ready
Server: Encoded data ready signal sent
Server: Waiting for client to acknowledge encoded data
Server: Client acknowledged receipt of encoded data
Server: Frame 27 processing complete
Server: Received YUV frame with size 3110400 bytes
Server: Sending YUV frame acknowledgment to client
Server: YUV frame acknowledgment sent
Server: Encoding frame 28
Server: Frame 28 is not a keyframe
Server: Starting motion estimation
Server: Motion estimation complete
Server: Starting motion compensation
Server: Motion compensation complete
Server: Starting DCT/quantization for Y plane
Server: Y plane DCT/quantization complete
Server: Starting DCT/quantization for U plane
Server: U plane DCT/quantization complete
Server: Starting DCT/quantization for V plane
Server: V plane DCT/quantization complete
Server: Starting dequantization/IDCT for reference frame
Server: Dequantization/IDCT complete
Server: Preparing encoded data for transfer
Server: Encoded data size: 6658564 bytes
Server: Starting DMA transfer of encoded data
Server: Waiting for encoded data DMA transfer to complete
Server: Encoded data DMA transfer complete
Server: Signaling client that encoded data is ready
Server: Encoded data ready signal sent
Server: Waiting for client to acknowledge encoded data
Server: Client acknowledged receipt of encoded data
Server: Frame 28 processing complete
Server: Received YUV frame with size 3110400 bytes
Server: Sending YUV frame acknowledgment to client
Server: YUV frame acknowledgment sent
Server: Encoding frame 29
Server: Frame 29 is not a keyframe
Server: Starting motion estimation
Terminated

real	0m5.693s
user	0m12.796s
sys	0m0.902s
Tegra exit code: 143
