Limited to 100 frames.
Client: Connecting to server segment...
Client: Connected to server segment
Client: Starting video encoding
Client: Waiting for server to acknowledge dimensions
Client: Dimensions acknowledged by server
Processing frame 0, Client: YUV plane sizes - Y: 2073600 bytes, U: 518400 bytes, V: 518400 bytes, Total: 3110400 bytes
Client: Packing YUV planes into single buffer
Client: All YUV planes packed. Starting single DMA transfer (3110400 bytes)
Client: YUV frame DMA transfer complete
Client: YUV frame ready signal sent
Client: Waiting for YUV frame acknowledgment
Client: YUV frame acknowledgment received from server
Client: YUV frame transferred successfully, freeing original image buffers
Client: Waiting for server to process and return encoded data
Client: Still waiting for encoded data... (1 seconds)
Client: Received encoded data from server
Client: Encoded data size: 6658564 bytes
Client: Frame is a keyframe
Client: Sending acknowledgment of encoded data receipt
Client: Writing encoded frame to output file
Done!
Processing frame 1, Client: YUV plane sizes - Y: 2073600 bytes, U: 518400 bytes, V: 518400 bytes, Total: 3110400 bytes
Client: Packing YUV planes into single buffer
Client: All YUV planes packed. Starting single DMA transfer (3110400 bytes)
Client: YUV frame DMA transfer complete
Client: YUV frame ready signal sent
Client: Waiting for YUV frame acknowledgment
Client: YUV frame acknowledgment received from server
Client: YUV frame transferred successfully, freeing original image buffers
Client: Waiting for server to process and return encoded data
Client: Received encoded data from server
Client: Encoded data size: 6658564 bytes
Client: Frame is not a keyframe
Client: Sending acknowledgment of encoded data receipt
Client: Writing encoded frame to output file
Done!
Processing frame 2, Client: YUV plane sizes - Y: 2073600 bytes, U: 518400 bytes, V: 518400 bytes, Total: 3110400 bytes
Client: Packing YUV planes into single buffer
Client: All YUV planes packed. Starting single DMA transfer (3110400 bytes)
Client: YUV frame DMA transfer complete
Client: YUV frame ready signal sent
Client: Waiting for YUV frame acknowledgment
Client: YUV frame acknowledgment received from server
Client: YUV frame transferred successfully, freeing original image buffers
Client: Waiting for server to process and return encoded data
Client: Received encoded data from server
Client: Encoded data size: 6658564 bytes
Client: Frame is not a keyframe
Client: Sending acknowledgment of encoded data receipt
Client: Writing encoded frame to output file
Done!
Processing frame 3, Client: YUV plane sizes - Y: 2073600 bytes, U: 518400 bytes, V: 518400 bytes, Total: 3110400 bytes
Client: Packing YUV planes into single buffer
Client: All YUV planes packed. Starting single DMA transfer (3110400 bytes)
Client: YUV frame DMA transfer complete
Client: YUV frame ready signal sent
Client: Waiting for YUV frame acknowledgment
Client: YUV frame acknowledgment received from server
Client: YUV frame transferred successfully, freeing original image buffers
Client: Waiting for server to process and return encoded data
Client: Received encoded data from server
Client: Encoded data size: 6658564 bytes
Client: Frame is not a keyframe
Client: Sending acknowledgment of encoded data receipt
Client: Writing encoded frame to output file
Done!
Processing frame 4, Client: YUV plane sizes - Y: 2073600 bytes, U: 518400 bytes, V: 518400 bytes, Total: 3110400 bytes
Client: Packing YUV planes into single buffer
Client: All YUV planes packed. Starting single DMA transfer (3110400 bytes)
Client: YUV frame DMA transfer complete
Client: YUV frame ready signal sent
Client: Waiting for YUV frame acknowledgment
Client: YUV frame acknowledgment received from server
Client: YUV frame transferred successfully, freeing original image buffers
Client: Waiting for server to process and return encoded data
Client: Still waiting for encoded data... (1 seconds)
Client: Received encoded data from server
Client: Encoded data size: 6658564 bytes
Client: Frame is not a keyframe
Client: Sending acknowledgment of encoded data receipt
Client: Writing encoded frame to output file
Done!
Processing frame 5, Client: YUV plane sizes - Y: 2073600 bytes, U: 518400 bytes, V: 518400 bytes, Total: 3110400 bytes
Client: Packing YUV planes into single buffer
Client: All YUV planes packed. Starting single DMA transfer (3110400 bytes)
Client: YUV frame DMA transfer complete
Client: YUV frame ready signal sent
Client: Waiting for YUV frame acknowledgment
Client: YUV frame acknowledgment received from server
Client: YUV frame transferred successfully, freeing original image buffers
Client: Waiting for server to process and return encoded data
Client: Received encoded data from server
Client: Encoded data size: 6658564 bytes
Client: Frame is not a keyframe
Client: Sending acknowledgment of encoded data receipt
Client: Writing encoded frame to output file
Done!
Processing frame 6, Client: YUV plane sizes - Y: 2073600 bytes, U: 518400 bytes, V: 518400 bytes, Total: 3110400 bytes
Client: Packing YUV planes into single buffer
Client: All YUV planes packed. Starting single DMA transfer (3110400 bytes)
Client: YUV frame DMA transfer complete
Client: YUV frame ready signal sent
Client: Waiting for YUV frame acknowledgment
Client: YUV frame acknowledgment received from server
Client: YUV frame transferred successfully, freeing original image buffers
Client: Waiting for server to process and return encoded data
Client: Received encoded data from server
Client: Encoded data size: 6658564 bytes
Client: Frame is not a keyframe
Client: Sending acknowledgment of encoded data receipt
Client: Writing encoded frame to output file
Done!
Processing frame 7, Client: YUV plane sizes - Y: 2073600 bytes, U: 518400 bytes, V: 518400 bytes, Total: 3110400 bytes
Client: Packing YUV planes into single buffer
Client: All YUV planes packed. Starting single DMA transfer (3110400 bytes)
Client: YUV frame DMA transfer complete
Client: YUV frame ready signal sent
Client: Waiting for YUV frame acknowledgment
Client: YUV frame acknowledgment received from server
Client: YUV frame transferred successfully, freeing original image buffers
Client: Waiting for server to process and return encoded data
Client: Received encoded data from server
Client: Encoded data size: 6658564 bytes
Client: Frame is not a keyframe
Client: Sending acknowledgment of encoded data receipt
Client: Writing encoded frame to output file
Done!
Processing frame 8, Client: YUV plane sizes - Y: 2073600 bytes, U: 518400 bytes, V: 518400 bytes, Total: 3110400 bytes
Client: Packing YUV planes into single buffer
Client: All YUV planes packed. Starting single DMA transfer (3110400 bytes)
Client: YUV frame DMA transfer complete
Client: YUV frame ready signal sent
Client: Waiting for YUV frame acknowledgment
Client: YUV frame acknowledgment received from server
Client: YUV frame transferred successfully, freeing original image buffers
Client: Waiting for server to process and return encoded data
Client: Received encoded data from server
Client: Encoded data size: 6658564 bytes
Client: Frame is not a keyframe
Client: Sending acknowledgment of encoded data receipt
Client: Writing encoded frame to output file
Done!
Processing frame 9, Client: YUV plane sizes - Y: 2073600 bytes, U: 518400 bytes, V: 518400 bytes, Total: 3110400 bytes
Client: Packing YUV planes into single buffer
Client: All YUV planes packed. Starting single DMA transfer (3110400 bytes)
Client: YUV frame DMA transfer complete
Client: YUV frame ready signal sent
Client: Waiting for YUV frame acknowledgment
Client: YUV frame acknowledgment received from server
Client: YUV frame transferred successfully, freeing original image buffers
Client: Waiting for server to process and return encoded data
Client: Received encoded data from server
Client: Encoded data size: 6658564 bytes
Client: Frame is not a keyframe
Client: Sending acknowledgment of encoded data receipt
Client: Writing encoded frame to output file
Done!
Processing frame 10, Client: YUV plane sizes - Y: 2073600 bytes, U: 518400 bytes, V: 518400 bytes, Total: 3110400 bytes
Client: Packing YUV planes into single buffer
Client: All YUV planes packed. Starting single DMA transfer (3110400 bytes)
Client: YUV frame DMA transfer complete
Client: YUV frame ready signal sent
Client: Waiting for YUV frame acknowledgment
Client: YUV frame acknowledgment received from server
Client: YUV frame transferred successfully, freeing original image buffers
Client: Waiting for server to process and return encoded data
Client: Received encoded data from server
Client: Encoded data size: 6658564 bytes
Client: Frame is not a keyframe
Client: Sending acknowledgment of encoded data receipt
Client: Writing encoded frame to output file
Done!
Processing frame 11, Client: YUV plane sizes - Y: 2073600 bytes, U: 518400 bytes, V: 518400 bytes, Total: 3110400 bytes
Client: Packing YUV planes into single buffer
Client: All YUV planes packed. Starting single DMA transfer (3110400 bytes)
Client: YUV frame DMA transfer complete
Client: YUV frame ready signal sent
Client: Waiting for YUV frame acknowledgment
Client: YUV frame acknowledgment received from server
Client: YUV frame transferred successfully, freeing original image buffers
Client: Waiting for server to process and return encoded data
Client: Received encoded data from server
Client: Encoded data size: 6658564 bytes
Client: Frame is not a keyframe
Client: Sending acknowledgment of encoded data receipt
Client: Writing encoded frame to output file
Done!
Processing frame 12, Client: YUV plane sizes - Y: 2073600 bytes, U: 518400 bytes, V: 518400 bytes, Total: 3110400 bytes
Client: Packing YUV planes into single buffer
Client: All YUV planes packed. Starting single DMA transfer (3110400 bytes)
Client: YUV frame DMA transfer complete
Client: YUV frame ready signal sent
Client: Waiting for YUV frame acknowledgment
Client: YUV frame acknowledgment received from server
Client: YUV frame transferred successfully, freeing original image buffers
Client: Waiting for server to process and return encoded data
Client: Received encoded data from server
Client: Encoded data size: 6658564 bytes
Client: Frame is not a keyframe
Client: Sending acknowledgment of encoded data receipt
Client: Writing encoded frame to output file
Done!
Processing frame 13, Client: YUV plane sizes - Y: 2073600 bytes, U: 518400 bytes, V: 518400 bytes, Total: 3110400 bytes
Client: Packing YUV planes into single buffer
Client: All YUV planes packed. Starting single DMA transfer (3110400 bytes)
Client: YUV frame DMA transfer complete
Client: YUV frame ready signal sent
Client: Waiting for YUV frame acknowledgment
PC exit code: 143
Terminated

real	0m3,286s
user	0m3,074s
sys	0m0,076s
